[debug] [2026-01-01T17:29:49.169Z] ----------------------------------------------------------------------
[debug] [2026-01-01T17:29:49.174Z] Command:       C:\nvm4w\nodejs\node.exe C:\Users\Esen\AppData\Roaming\npm\node_modules\firebase-tools\lib\bin\firebase.js projects:list --json
[debug] [2026-01-01T17:29:49.174Z] CLI Version:   15.1.0
[debug] [2026-01-01T17:29:49.174Z] Platform:      win32
[debug] [2026-01-01T17:29:49.174Z] Node Version:  v24.12.0
[debug] [2026-01-01T17:29:49.175Z] Time:          Thu Jan 01 2026 20:29:49 GMT+0300 (GMT+03:00)
[debug] [2026-01-01T17:29:49.175Z] ----------------------------------------------------------------------
[debug] 
[debug] [2026-01-01T17:29:49.399Z] Object "" in "firebase.json" has unknown property: {"additionalProperty":"flutter"}
[debug] [2026-01-01T17:29:49.403Z] > command requires scopes: ["email","openid","https://www.googleapis.com/auth/cloudplatformprojects.readonly","https://www.googleapis.com/auth/firebase","https://www.googleapis.com/auth/cloud-platform"]
[debug] [2026-01-01T17:29:49.403Z] > authorizing via signed-in user (dodikbalaman@gmail.com)
[debug] [2026-01-01T17:29:49.407Z] Checked if tokens are valid: false, expires at: 1767284361630
[debug] [2026-01-01T17:29:49.407Z] Checked if tokens are valid: false, expires at: 1767284361630
[debug] [2026-01-01T17:29:49.408Z] > refreshing access token with scopes: []
[debug] [2026-01-01T17:29:49.410Z] >>> [apiv2][query] POST https://www.googleapis.com/oauth2/v3/token [none]
[debug] [2026-01-01T17:29:49.410Z] >>> [apiv2][body] POST https://www.googleapis.com/oauth2/v3/token [omitted]
[debug] [2026-01-01T17:29:49.456Z] Error: EPIPE: broken pipe, write
    at Socket._write (node:internal/net:75:18)
    at writeOrBuffer (node:internal/streams/writable:570:12)
    at _write (node:internal/streams/writable:499:10)
    at Writable.write (node:internal/streams/writable:508:10)
    at Ora.start (C:\Users\Esen\AppData\Roaming\npm\node_modules\firebase-tools\node_modules\ora\index.js:304:17)
    at Command.actionFn (C:\Users\Esen\AppData\Roaming\npm\node_modules\firebase-tools\lib\commands\projects-list.js:48:73)
    at C:\Users\Esen\AppData\Roaming\npm\node_modules\firebase-tools\lib\command.js:265:25
    at process.processTicksAndRejections (node:internal/process/task_queues:103:5)
[error] 
[error] Error: An unexpected error has occurred.
